[startedlog:100] -> spch v.0.0.2.14() 18.08
[startedlog:105] -> started at 08/29/18-08:47PM
[pch_path_setuid:310] -> stage #0 change UID/GID to 'admin' : 500/500
[main:28] -> stage #0 check files mode: all - create, modify time and size
[pch_stage2:82] -> stage #2 skip: /home/admin/mingw/_SVN/test_master/file1.txt -> /home/admin/mingw/_SVN/test_split/new1.txt
[pch_stage2:82] -> stage #2 skip: /home/admin/mingw/_SVN/test_master/file2.txt -> /home/admin/mingw/_SVN/test_split/new2.txt
[pch_stage2:82] -> stage #2 skip: /home/admin/mingw/_SVN/test_master/file3.txt -> /home/admin/mingw/_SVN/test_split/new3.txt
[pch_stage2:82] -> stage #2 skip: /home/admin/mingw/_SVN/test_master/file4.txt -> /home/admin/mingw/_SVN/test_split/new4.txt
[pch_stage2:82] -> stage #2 skip: /home/admin/mingw/_SVN/test_master/file5.txt -> /home/admin/mingw/_SVN/test_split/new5.txt
[pch_stage2:82] -> stage #2 skip: /home/admin/mingw/_SVN/test_master/dir1/file1.txt -> /home/admin/mingw/_SVN/test_split/dir1/new1.txt
[pch_stage2:82] -> stage #2 skip: /home/admin/mingw/_SVN/test_master/dir1/file2.txt -> /home/admin/mingw/_SVN/test_split/dir1/new2.txt
[pch_stage2:82] -> stage #2 skip: /home/admin/mingw/_SVN/test_master/dir1/file3.txt -> /home/admin/mingw/_SVN/test_split/dir1/new3.txt
[pch_stage2:82] -> stage #2 skip: /home/admin/mingw/_SVN/test_master/dir2/file1.txt -> /home/admin/mingw/_SVN/test_split/dir2/new1.txt
[pch_stage2:82] -> stage #2 skip: /home/admin/mingw/_SVN/test_master/dir2/file10.txt -> /home/admin/mingw/_SVN/test_split/dir2/new10.txt
[pch_stage2:82] -> stage #2 skip: /home/admin/mingw/_SVN/test_master/dir2/file100.txt -> /home/admin/mingw/_SVN/test_split/dir2/new100.txt
[pch_stage2:82] -> stage #2 skip: /home/admin/mingw/_SVN/test_master/dir2/file1000000xxxxxxxxxxxxxxx.txt -> /home/admin/mingw/_SVN/test_split/dir2/new1000000xxxxxxxxxxxxxxx.txt
[pch_stage2:82] -> stage #2 skip: /home/admin/mingw/_SVN/test_master/dir3/file1.txt -> /home/admin/mingw/_SVN/test_split/dir3/new1.txt
[pch_stage2:82] -> stage #2 skip: /home/admin/mingw/_SVN/test_master/dir3/file10.txt -> /home/admin/mingw/_SVN/test_split/dir3/new10.txt
[pch_stage2:82] -> stage #2 skip: /home/admin/mingw/_SVN/test_master/dir3/file100.txt -> /home/admin/mingw/_SVN/test_split/dir3/new100.txt
[pch_stage2:82] -> stage #2 skip: /home/admin/mingw/_SVN/test_master/dir3/file1000000xxxxxxxxxxxxxxx.txt -> /home/admin/mingw/_SVN/test_split/dir3/new1000000xxxxxxxxxxxxxxx.txt
[main:56] -> stage #2 not change repo: /home/admin/mingw/_SVN/test_split
[endedlog:117] -> ended at 08/29/18-08:47PM
